<?xml version="1.0" encoding="UTF-8"?>
<!-- Generated by org.testng.reporters.JUnitXMLReporter -->
<testsuite ignored="0" hostname="ip-172-31-7-35" failures="0" tests="1" name="Command line test" time="61.563" errors="0" timestamp="13 Feb 2024 19:40:26 GMT">
  <testcase classname="test2.test2.App" name="@BeforeTest beforetest" time="61.536">
    <failure type="org.openqa.selenium.WebDriverException" message="unknown error: DevToolsActivePort file doesn&amp;apos;t exist
Build info: version: &amp;apos;unknown&amp;apos;, revision: &amp;apos;unknown&amp;apos;, time: &amp;apos;unknown&amp;apos;
System info: host: &amp;apos;ip-172-31-7-35&amp;apos;, ip: &amp;apos;172.31.7.35&amp;apos;, os.name: &amp;apos;Linux&amp;apos;, os.arch: &amp;apos;amd64&amp;apos;, os.version: &amp;apos;6.2.0-1017-aws&amp;apos;, java.version: &amp;apos;21.0.1&amp;apos;
Driver info: driver.version: ChromeDriver
remote stacktrace: #0 0x559955b814e3 &amp;lt;unknown&amp;gt;
#1 0x5599558b0c76 &amp;lt;unknown&amp;gt;
#2 0x5599558dd019 &amp;lt;unknown&amp;gt;
#3 0x5599558d92fa &amp;lt;unknown&amp;gt;
#4 0x5599558d6029 &amp;lt;unknown&amp;gt;
#5 0x559955914ccc &amp;lt;unknown&amp;gt;
#6 0x55995591447f &amp;lt;unknown&amp;gt;
#7 0x55995590bde3 &amp;lt;unknown&amp;gt;
#8 0x5599558e12dd &amp;lt;unknown&amp;gt;
#9 0x5599558e234e &amp;lt;unknown&amp;gt;
#10 0x559955b413e4 &amp;lt;unknown&amp;gt;
#11 0x559955b453d7 &amp;lt;unknown&amp;gt;
#12 0x559955b4fb20 &amp;lt;unknown&amp;gt;
#13 0x559955b46023 &amp;lt;unknown&amp;gt;
#14 0x559955b141aa &amp;lt;unknown&amp;gt;
#15 0x559955b6a6b8 &amp;lt;unknown&amp;gt;
#16 0x559955b6a847 &amp;lt;unknown&amp;gt;
#17 0x559955b7a243 &amp;lt;unknown&amp;gt;
#18 0x7f4029894ac3 &amp;lt;unknown&amp;gt;
">
      <![CDATA[org.openqa.selenium.WebDriverException: unknown error: DevToolsActivePort file doesn't exist
Build info: version: 'unknown', revision: 'unknown', time: 'unknown'
System info: host: 'ip-172-31-7-35', ip: '172.31.7.35', os.name: 'Linux', os.arch: 'amd64', os.version: '6.2.0-1017-aws', java.version: '21.0.1'
Driver info: driver.version: ChromeDriver
remote stacktrace: #0 0x559955b814e3 <unknown>
#1 0x5599558b0c76 <unknown>
#2 0x5599558dd019 <unknown>
#3 0x5599558d92fa <unknown>
#4 0x5599558d6029 <unknown>
#5 0x559955914ccc <unknown>
#6 0x55995591447f <unknown>
#7 0x55995590bde3 <unknown>
#8 0x5599558e12dd <unknown>
#9 0x5599558e234e <unknown>
#10 0x559955b413e4 <unknown>
#11 0x559955b453d7 <unknown>
#12 0x559955b4fb20 <unknown>
#13 0x559955b46023 <unknown>
#14 0x559955b141aa <unknown>
#15 0x559955b6a6b8 <unknown>
#16 0x559955b6a847 <unknown>
#17 0x559955b7a243 <unknown>
#18 0x7f4029894ac3 <unknown>

at org.openqa.selenium.remote.W3CHandshakeResponse.lambda$errorHandler$0(W3CHandshakeResponse.java:62)
at org.openqa.selenium.remote.HandshakeResponse.lambda$getResponseFunction$0(HandshakeResponse.java:30)
at org.openqa.selenium.remote.ProtocolHandshake.lambda$createSession$0(ProtocolHandshake.java:126)
at java.base/java.util.stream.ReferencePipeline$3$1.accept(ReferencePipeline.java:197)
at java.base/java.util.Spliterators$ArraySpliterator.tryAdvance(Spliterators.java:1034)
at java.base/java.util.stream.ReferencePipeline.forEachWithCancel(ReferencePipeline.java:129)
at java.base/java.util.stream.AbstractPipeline.copyIntoWithCancel(AbstractPipeline.java:527)
at java.base/java.util.stream.AbstractPipeline.copyInto(AbstractPipeline.java:513)
at java.base/java.util.stream.AbstractPipeline.wrapAndCopyInto(AbstractPipeline.java:499)
at java.base/java.util.stream.FindOps$FindOp.evaluateSequential(FindOps.java:150)
at java.base/java.util.stream.AbstractPipeline.evaluate(AbstractPipeline.java:234)
at java.base/java.util.stream.ReferencePipeline.findFirst(ReferencePipeline.java:647)
at org.openqa.selenium.remote.ProtocolHandshake.createSession(ProtocolHandshake.java:128)
at org.openqa.selenium.remote.ProtocolHandshake.createSession(ProtocolHandshake.java:74)
at org.openqa.selenium.remote.HttpCommandExecutor.execute(HttpCommandExecutor.java:136)
at org.openqa.selenium.remote.service.DriverCommandExecutor.execute(DriverCommandExecutor.java:83)
at org.openqa.selenium.remote.RemoteWebDriver.execute(RemoteWebDriver.java:552)
at org.openqa.selenium.remote.RemoteWebDriver.startSession(RemoteWebDriver.java:213)
at org.openqa.selenium.remote.RemoteWebDriver.<init>(RemoteWebDriver.java:131)
at org.openqa.selenium.chrome.ChromeDriver.<init>(ChromeDriver.java:181)
at org.openqa.selenium.chrome.ChromeDriver.<init>(ChromeDriver.java:168)
at org.openqa.selenium.chrome.ChromeDriver.<init>(ChromeDriver.java:157)
at test2.test2.App.beforetest(App.java:27)
at test2.test2.App.main(App.java:55)
at org.eclipse.jdt.internal.jarinjarloader.JarRsrcLoader.main(JarRsrcLoader.java:61)
... Removed 24 stack frames]]>
    </failure>
  </testcase> <!-- @BeforeTest beforetest -->
  <testcase classname="test2.test2.App" name="@BeforeMethod open" time="0.0">
    <skipped/>
  </testcase> <!-- @BeforeMethod open -->
  <testcase classname="test2.test2.App" name="@AfterClass close" time="0.0">
    <skipped/>
  </testcase> <!-- @AfterClass close -->
  <testcase classname="test2.test2.App" name="test" time="0.0">
    <skipped/>
  </testcase> <!-- test -->
</testsuite> <!-- Command line test -->
