<?xml version="1.0" encoding="UTF-8"?>
<testng-results ignored="0" total="1" passed="0" failed="0" skipped="1">
  <reporter-output>
  </reporter-output>
  <suite started-at="2024-02-13T19:39:24Z" name="Command line suite" finished-at="2024-02-13T19:40:26Z" duration-ms="61563">
    <groups>
    </groups>
    <test started-at="2024-02-13T19:39:24Z" name="Command line test" finished-at="2024-02-13T19:40:26Z" duration-ms="61563">
      <class name="test2.test2.App">
        <test-method is-config="true" signature="beforetest()[pri:0, instance:test2.test2.App@e45f292]" started-at="2024-02-13T19:39:24Z" name="beforetest" finished-at="2024-02-13T19:40:26Z" duration-ms="61536" status="FAIL">
          <exception class="org.openqa.selenium.WebDriverException">
            <message>
              <![CDATA[unknown error: DevToolsActivePort file doesn't exist
Build info: version: 'unknown', revision: 'unknown', time: 'unknown'
System info: host: 'ip-172-31-7-35', ip: '172.31.7.35', os.name: 'Linux', os.arch: 'amd64', os.version: '6.2.0-1017-aws', java.version: '21.0.1'
Driver info: driver.version: ChromeDriver
remote stacktrace: #0 0x559955b814e3 <unknown>
#1 0x5599558b0c76 <unknown>
#2 0x5599558dd019 <unknown>
#3 0x5599558d92fa <unknown>
#4 0x5599558d6029 <unknown>
#5 0x559955914ccc <unknown>
#6 0x55995591447f <unknown>
#7 0x55995590bde3 <unknown>
#8 0x5599558e12dd <unknown>
#9 0x5599558e234e <unknown>
#10 0x559955b413e4 <unknown>
#11 0x559955b453d7 <unknown>
#12 0x559955b4fb20 <unknown>
#13 0x559955b46023 <unknown>
#14 0x559955b141aa <unknown>
#15 0x559955b6a6b8 <unknown>
#16 0x559955b6a847 <unknown>
#17 0x559955b7a243 <unknown>
#18 0x7f4029894ac3 <unknown>
]]>
            </message>
            <full-stacktrace>
              <![CDATA[org.openqa.selenium.WebDriverException: unknown error: DevToolsActivePort file doesn't exist
Build info: version: 'unknown', revision: 'unknown', time: 'unknown'
System info: host: 'ip-172-31-7-35', ip: '172.31.7.35', os.name: 'Linux', os.arch: 'amd64', os.version: '6.2.0-1017-aws', java.version: '21.0.1'
Driver info: driver.version: ChromeDriver
remote stacktrace: #0 0x559955b814e3 <unknown>
#1 0x5599558b0c76 <unknown>
#2 0x5599558dd019 <unknown>
#3 0x5599558d92fa <unknown>
#4 0x5599558d6029 <unknown>
#5 0x559955914ccc <unknown>
#6 0x55995591447f <unknown>
#7 0x55995590bde3 <unknown>
#8 0x5599558e12dd <unknown>
#9 0x5599558e234e <unknown>
#10 0x559955b413e4 <unknown>
#11 0x559955b453d7 <unknown>
#12 0x559955b4fb20 <unknown>
#13 0x559955b46023 <unknown>
#14 0x559955b141aa <unknown>
#15 0x559955b6a6b8 <unknown>
#16 0x559955b6a847 <unknown>
#17 0x559955b7a243 <unknown>
#18 0x7f4029894ac3 <unknown>

at java.base/jdk.internal.reflect.DirectConstructorHandleAccessor.newInstance(DirectConstructorHandleAccessor.java:62)
at java.base/java.lang.reflect.Constructor.newInstanceWithCaller(Constructor.java:502)
at java.base/java.lang.reflect.Constructor.newInstance(Constructor.java:486)
at org.openqa.selenium.remote.W3CHandshakeResponse.lambda$errorHandler$0(W3CHandshakeResponse.java:62)
at org.openqa.selenium.remote.HandshakeResponse.lambda$getResponseFunction$0(HandshakeResponse.java:30)
at org.openqa.selenium.remote.ProtocolHandshake.lambda$createSession$0(ProtocolHandshake.java:126)
at java.base/java.util.stream.ReferencePipeline$3$1.accept(ReferencePipeline.java:197)
at java.base/java.util.Spliterators$ArraySpliterator.tryAdvance(Spliterators.java:1034)
at java.base/java.util.stream.ReferencePipeline.forEachWithCancel(ReferencePipeline.java:129)
at java.base/java.util.stream.AbstractPipeline.copyIntoWithCancel(AbstractPipeline.java:527)
at java.base/java.util.stream.AbstractPipeline.copyInto(AbstractPipeline.java:513)
at java.base/java.util.stream.AbstractPipeline.wrapAndCopyInto(AbstractPipeline.java:499)
at java.base/java.util.stream.FindOps$FindOp.evaluateSequential(FindOps.java:150)
at java.base/java.util.stream.AbstractPipeline.evaluate(AbstractPipeline.java:234)
at java.base/java.util.stream.ReferencePipeline.findFirst(ReferencePipeline.java:647)
at org.openqa.selenium.remote.ProtocolHandshake.createSession(ProtocolHandshake.java:128)
at org.openqa.selenium.remote.ProtocolHandshake.createSession(ProtocolHandshake.java:74)
at org.openqa.selenium.remote.HttpCommandExecutor.execute(HttpCommandExecutor.java:136)
at org.openqa.selenium.remote.service.DriverCommandExecutor.execute(DriverCommandExecutor.java:83)
at org.openqa.selenium.remote.RemoteWebDriver.execute(RemoteWebDriver.java:552)
at org.openqa.selenium.remote.RemoteWebDriver.startSession(RemoteWebDriver.java:213)
at org.openqa.selenium.remote.RemoteWebDriver.<init>(RemoteWebDriver.java:131)
at org.openqa.selenium.chrome.ChromeDriver.<init>(ChromeDriver.java:181)
at org.openqa.selenium.chrome.ChromeDriver.<init>(ChromeDriver.java:168)
at org.openqa.selenium.chrome.ChromeDriver.<init>(ChromeDriver.java:157)
at test2.test2.App.beforetest(App.java:27)
at java.base/jdk.internal.reflect.DirectMethodHandleAccessor.invoke(DirectMethodHandleAccessor.java:103)
at java.base/java.lang.reflect.Method.invoke(Method.java:580)
at org.testng.internal.MethodInvocationHelper.invokeMethod(MethodInvocationHelper.java:124)
at org.testng.internal.MethodInvocationHelper.invokeMethodConsideringTimeout(MethodInvocationHelper.java:59)
at org.testng.internal.Invoker.invokeConfigurationMethod(Invoker.java:455)
at org.testng.internal.Invoker.invokeConfigurations(Invoker.java:222)
at org.testng.internal.Invoker.invokeConfigurations(Invoker.java:142)
at org.testng.TestRunner.beforeRun(TestRunner.java:529)
at org.testng.TestRunner.run(TestRunner.java:497)
at org.testng.SuiteRunner.runTest(SuiteRunner.java:455)
at org.testng.SuiteRunner.runSequentially(SuiteRunner.java:450)
at org.testng.SuiteRunner.privateRun(SuiteRunner.java:415)
at org.testng.SuiteRunner.run(SuiteRunner.java:364)
at org.testng.SuiteRunnerWorker.runSuite(SuiteRunnerWorker.java:52)
at org.testng.SuiteRunnerWorker.run(SuiteRunnerWorker.java:84)
at org.testng.TestNG.runSuitesSequentially(TestNG.java:1208)
at org.testng.TestNG.runSuitesLocally(TestNG.java:1137)
at org.testng.TestNG.runSuites(TestNG.java:1049)
at org.testng.TestNG.run(TestNG.java:1017)
at test2.test2.App.main(App.java:55)
at java.base/jdk.internal.reflect.DirectMethodHandleAccessor.invoke(DirectMethodHandleAccessor.java:103)
at java.base/java.lang.reflect.Method.invoke(Method.java:580)
at org.eclipse.jdt.internal.jarinjarloader.JarRsrcLoader.main(JarRsrcLoader.java:61)
]]>
            </full-stacktrace>
          </exception> <!-- org.openqa.selenium.WebDriverException -->
          <reporter-output>
          </reporter-output>
        </test-method> <!-- beforetest -->
        <test-method is-config="true" signature="open()[pri:0, instance:test2.test2.App@e45f292]" started-at="2024-02-13T19:40:26Z" name="open" finished-at="2024-02-13T19:40:26Z" duration-ms="0" status="SKIP">
          <reporter-output>
          </reporter-output>
        </test-method> <!-- open -->
        <test-method signature="test()[pri:0, instance:test2.test2.App@e45f292]" started-at="2024-02-13T19:40:26Z" name="test" finished-at="2024-02-13T19:40:26Z" duration-ms="0" status="SKIP">
          <exception class="org.openqa.selenium.WebDriverException">
            <message>
              <![CDATA[unknown error: DevToolsActivePort file doesn't exist
Build info: version: 'unknown', revision: 'unknown', time: 'unknown'
System info: host: 'ip-172-31-7-35', ip: '172.31.7.35', os.name: 'Linux', os.arch: 'amd64', os.version: '6.2.0-1017-aws', java.version: '21.0.1'
Driver info: driver.version: ChromeDriver
remote stacktrace: #0 0x559955b814e3 <unknown>
#1 0x5599558b0c76 <unknown>
#2 0x5599558dd019 <unknown>
#3 0x5599558d92fa <unknown>
#4 0x5599558d6029 <unknown>
#5 0x559955914ccc <unknown>
#6 0x55995591447f <unknown>
#7 0x55995590bde3 <unknown>
#8 0x5599558e12dd <unknown>
#9 0x5599558e234e <unknown>
#10 0x559955b413e4 <unknown>
#11 0x559955b453d7 <unknown>
#12 0x559955b4fb20 <unknown>
#13 0x559955b46023 <unknown>
#14 0x559955b141aa <unknown>
#15 0x559955b6a6b8 <unknown>
#16 0x559955b6a847 <unknown>
#17 0x559955b7a243 <unknown>
#18 0x7f4029894ac3 <unknown>
]]>
            </message>
            <full-stacktrace>
              <![CDATA[org.openqa.selenium.WebDriverException: unknown error: DevToolsActivePort file doesn't exist
Build info: version: 'unknown', revision: 'unknown', time: 'unknown'
System info: host: 'ip-172-31-7-35', ip: '172.31.7.35', os.name: 'Linux', os.arch: 'amd64', os.version: '6.2.0-1017-aws', java.version: '21.0.1'
Driver info: driver.version: ChromeDriver
remote stacktrace: #0 0x559955b814e3 <unknown>
#1 0x5599558b0c76 <unknown>
#2 0x5599558dd019 <unknown>
#3 0x5599558d92fa <unknown>
#4 0x5599558d6029 <unknown>
#5 0x559955914ccc <unknown>
#6 0x55995591447f <unknown>
#7 0x55995590bde3 <unknown>
#8 0x5599558e12dd <unknown>
#9 0x5599558e234e <unknown>
#10 0x559955b413e4 <unknown>
#11 0x559955b453d7 <unknown>
#12 0x559955b4fb20 <unknown>
#13 0x559955b46023 <unknown>
#14 0x559955b141aa <unknown>
#15 0x559955b6a6b8 <unknown>
#16 0x559955b6a847 <unknown>
#17 0x559955b7a243 <unknown>
#18 0x7f4029894ac3 <unknown>

at java.base/jdk.internal.reflect.DirectConstructorHandleAccessor.newInstance(DirectConstructorHandleAccessor.java:62)
at java.base/java.lang.reflect.Constructor.newInstanceWithCaller(Constructor.java:502)
at java.base/java.lang.reflect.Constructor.newInstance(Constructor.java:486)
at org.openqa.selenium.remote.W3CHandshakeResponse.lambda$errorHandler$0(W3CHandshakeResponse.java:62)
at org.openqa.selenium.remote.HandshakeResponse.lambda$getResponseFunction$0(HandshakeResponse.java:30)
at org.openqa.selenium.remote.ProtocolHandshake.lambda$createSession$0(ProtocolHandshake.java:126)
at java.base/java.util.stream.ReferencePipeline$3$1.accept(ReferencePipeline.java:197)
at java.base/java.util.Spliterators$ArraySpliterator.tryAdvance(Spliterators.java:1034)
at java.base/java.util.stream.ReferencePipeline.forEachWithCancel(ReferencePipeline.java:129)
at java.base/java.util.stream.AbstractPipeline.copyIntoWithCancel(AbstractPipeline.java:527)
at java.base/java.util.stream.AbstractPipeline.copyInto(AbstractPipeline.java:513)
at java.base/java.util.stream.AbstractPipeline.wrapAndCopyInto(AbstractPipeline.java:499)
at java.base/java.util.stream.FindOps$FindOp.evaluateSequential(FindOps.java:150)
at java.base/java.util.stream.AbstractPipeline.evaluate(AbstractPipeline.java:234)
at java.base/java.util.stream.ReferencePipeline.findFirst(ReferencePipeline.java:647)
at org.openqa.selenium.remote.ProtocolHandshake.createSession(ProtocolHandshake.java:128)
at org.openqa.selenium.remote.ProtocolHandshake.createSession(ProtocolHandshake.java:74)
at org.openqa.selenium.remote.HttpCommandExecutor.execute(HttpCommandExecutor.java:136)
at org.openqa.selenium.remote.service.DriverCommandExecutor.execute(DriverCommandExecutor.java:83)
at org.openqa.selenium.remote.RemoteWebDriver.execute(RemoteWebDriver.java:552)
at org.openqa.selenium.remote.RemoteWebDriver.startSession(RemoteWebDriver.java:213)
at org.openqa.selenium.remote.RemoteWebDriver.<init>(RemoteWebDriver.java:131)
at org.openqa.selenium.chrome.ChromeDriver.<init>(ChromeDriver.java:181)
at org.openqa.selenium.chrome.ChromeDriver.<init>(ChromeDriver.java:168)
at org.openqa.selenium.chrome.ChromeDriver.<init>(ChromeDriver.java:157)
at test2.test2.App.beforetest(App.java:27)
at java.base/jdk.internal.reflect.DirectMethodHandleAccessor.invoke(DirectMethodHandleAccessor.java:103)
at java.base/java.lang.reflect.Method.invoke(Method.java:580)
at org.testng.internal.MethodInvocationHelper.invokeMethod(MethodInvocationHelper.java:124)
at org.testng.internal.MethodInvocationHelper.invokeMethodConsideringTimeout(MethodInvocationHelper.java:59)
at org.testng.internal.Invoker.invokeConfigurationMethod(Invoker.java:455)
at org.testng.internal.Invoker.invokeConfigurations(Invoker.java:222)
at org.testng.internal.Invoker.invokeConfigurations(Invoker.java:142)
at org.testng.TestRunner.beforeRun(TestRunner.java:529)
at org.testng.TestRunner.run(TestRunner.java:497)
at org.testng.SuiteRunner.runTest(SuiteRunner.java:455)
at org.testng.SuiteRunner.runSequentially(SuiteRunner.java:450)
at org.testng.SuiteRunner.privateRun(SuiteRunner.java:415)
at org.testng.SuiteRunner.run(SuiteRunner.java:364)
at org.testng.SuiteRunnerWorker.runSuite(SuiteRunnerWorker.java:52)
at org.testng.SuiteRunnerWorker.run(SuiteRunnerWorker.java:84)
at org.testng.TestNG.runSuitesSequentially(TestNG.java:1208)
at org.testng.TestNG.runSuitesLocally(TestNG.java:1137)
at org.testng.TestNG.runSuites(TestNG.java:1049)
at org.testng.TestNG.run(TestNG.java:1017)
at test2.test2.App.main(App.java:55)
at java.base/jdk.internal.reflect.DirectMethodHandleAccessor.invoke(DirectMethodHandleAccessor.java:103)
at java.base/java.lang.reflect.Method.invoke(Method.java:580)
at org.eclipse.jdt.internal.jarinjarloader.JarRsrcLoader.main(JarRsrcLoader.java:61)
]]>
            </full-stacktrace>
          </exception> <!-- org.openqa.selenium.WebDriverException -->
          <reporter-output>
          </reporter-output>
        </test-method> <!-- test -->
        <test-method is-config="true" signature="close()[pri:0, instance:test2.test2.App@e45f292]" started-at="2024-02-13T19:40:26Z" name="close" finished-at="2024-02-13T19:40:26Z" duration-ms="0" status="SKIP">
          <reporter-output>
          </reporter-output>
        </test-method> <!-- close -->
      </class> <!-- test2.test2.App -->
    </test> <!-- Command line test -->
  </suite> <!-- Command line suite -->
</testng-results>
